


ARM Macro Assembler    Page 1 


    1 00000000                 AREA             RESET, DATA, READONLY
    2 00000000                 EXPORT           __Vectors
    3 00000000         __Vectors
    4 00000000 10001000        DCD              0x10001000
    5 00000004 00000000        DCD              Reset_Handler
    6 00000008                 ALIGN
    7 00000008                 AREA             mycode, CODE, READONLY
    8 00000000                 ENTRY
    9 00000000                 EXPORT           Reset_Handler
   10 00000000         Reset_Handler
   11 00000000 4809            ldr              r0,=num
   12 00000002 4B0A            ldr              r3,=res
   13 00000004 F810 1B01       ldrb             r1,[r0],#1
   14 00000008 F001 02F0       and              r2,r1,#0xF0
   15 0000000C EA4F 1212       lsr              r2,#4
   16 00000010 F102 0230       add              r2,#0x30
   17 00000014 F803 2B01       strb             r2,[r3],#1
   18 00000018 F001 040F       and              r4,r1,#0x0F
   19 0000001C F104 0430       add              r4,#0x30
   20 00000020 701C            strb             r4,[r3]
   21 00000022         
   22 00000022         stop
   23 00000022 E7FE            b                stop
   24 00000024 12      num     DCB              0x12
   25 00000025 00 00 00 
              00000000 
              00000000         AREA             mydata,DATA,READWRITE
   26 00000000 00      res     DCB              0
   27 00000001                 END
Command Line: --debug --xref --cpu=Cortex-M3 --apcs=interwork --depend=.\q.d -o
.\q.o -IC:\Keil\ARM\RV31\INC -IC:\Keil\ARM\CMSIS\Include -IC:\Keil\ARM\Inc\NXP\
LPC17xx --predefine="__EVAL SETA 1" --list=.\q.lst q.s



ARM Macro Assembler    Page 1 Alphabetic symbol ordering
Relocatable symbols

RESET 00000000

Symbol: RESET
   Definitions
      At line 1 in file q.s
   Uses
      None
Comment: RESET unused
__Vectors 00000000

Symbol: __Vectors
   Definitions
      At line 3 in file q.s
   Uses
      At line 2 in file q.s
Comment: __Vectors used once
2 symbols



ARM Macro Assembler    Page 1 Alphabetic symbol ordering
Relocatable symbols

Reset_Handler 00000000

Symbol: Reset_Handler
   Definitions
      At line 10 in file q.s
   Uses
      At line 5 in file q.s
      At line 9 in file q.s

mycode 00000000

Symbol: mycode
   Definitions
      At line 7 in file q.s
   Uses
      None
Comment: mycode unused
num 00000024

Symbol: num
   Definitions
      At line 24 in file q.s
   Uses
      At line 11 in file q.s
Comment: num used once
stop 00000022

Symbol: stop
   Definitions
      At line 22 in file q.s
   Uses
      At line 23 in file q.s
Comment: stop used once
4 symbols



ARM Macro Assembler    Page 1 Alphabetic symbol ordering
Relocatable symbols

mydata 00000000

Symbol: mydata
   Definitions
      At line 25 in file q.s
   Uses
      None
Comment: mydata unused
res 00000000

Symbol: res
   Definitions
      At line 26 in file q.s
   Uses
      At line 12 in file q.s
Comment: res used once
2 symbols
341 symbols in table
