


ARM Macro Assembler    Page 1 


    1 00000000         ;Add two 4*32 bit numbers in code memory and store in da
                       ta memory
    2 00000000         
    3 00000000                 AREA             RESET, DATA, READONLY
    4 00000000                 EXPORT           __Vectors
    5 00000000         __Vectors
    6 00000000 10001000        DCD              0X10001000
    7 00000004 00000000        DCD              Reset_Handler
    8 00000008                 ALIGN
    9 00000008         
   10 00000008 00000001 
              00000002 
              FFFFFFFF 
              11111111 N1      DCD              1,2,0xffffffff,0x11111111
   11 00000018 00000001 
              00000002 
              00000003 
              00000004 N2      DCD              1,2,3,4
   12 00000028                 AREA             data,DATA,READWRITE
   13 00000000 00000000 
                       DST     DCD              0
   14 00000004         
   15 00000004                 AREA             mycode, CODE, READONLY
   16 00000000                 ENTRY
   17 00000000                 EXPORT           Reset_Handler
   18 00000000         
   19 00000000         Reset_Handler
   20 00000000 480D            LDR              R0, =N1
   21 00000002 490E            LDR              R1, =N2
   22 00000004 6802            LDR              R2, [R0]
   23 00000006 680B            LDR              R3, [R1]
   24 00000008 4C0D            LDR              R4, =DST
   25 0000000A F04F 0504       MOV              R5, #4
   26 0000000E F04F 0600       MOV              R6, #0
   27 00000012 1992    LOOP    ADDS             R2,R6
   28 00000014 F04F 0600       MOV              R6,#0
   29 00000018 F146 0600       ADC              R6,#0
   30 0000001C 18D2            ADDS             R2,R3
   31 0000001E F146 0600       ADC              R6,#0
   32 00000022 F844 2B04       STR              R2,[R4],#4
   33 00000026 F850 2F04       LDR              R2,[R0,#4]!
   34 0000002A F851 3F04       LDR              R3,[R1,#4]!
   35 0000002E 3D01            SUBS             R5,#1
   36 00000030 D1EF            BNE              LOOP
   37 00000032 6026            STR              R6,[R4]
   38 00000034         STOP
   39 00000034 E7FE            B                STOP
   40 00000036                 END
              00 00 00000000 
              00000000 
              00000000 
Command Line: --debug --xref --cpu=Cortex-M3 --apcs=interwork --depend=.\q2.d -
o.\q2.o -IC:\Keil\ARM\RV31\INC -IC:\Keil\ARM\CMSIS\Include -IC:\Keil\ARM\Inc\NX
P\LPC17xx --predefine="__EVAL SETA 1" --list=.\q2.lst q2.s



ARM Macro Assembler    Page 1 Alphabetic symbol ordering
Relocatable symbols

N1 00000008

Symbol: N1
   Definitions
      At line 10 in file q2.s
   Uses
      At line 20 in file q2.s
Comment: N1 used once
N2 00000018

Symbol: N2
   Definitions
      At line 11 in file q2.s
   Uses
      At line 21 in file q2.s
Comment: N2 used once
RESET 00000000

Symbol: RESET
   Definitions
      At line 3 in file q2.s
   Uses
      None
Comment: RESET unused
__Vectors 00000000

Symbol: __Vectors
   Definitions
      At line 5 in file q2.s
   Uses
      At line 4 in file q2.s
Comment: __Vectors used once
4 symbols



ARM Macro Assembler    Page 1 Alphabetic symbol ordering
Relocatable symbols

DST 00000000

Symbol: DST
   Definitions
      At line 13 in file q2.s
   Uses
      At line 24 in file q2.s
Comment: DST used once
data 00000000

Symbol: data
   Definitions
      At line 12 in file q2.s
   Uses
      None
Comment: data unused
2 symbols



ARM Macro Assembler    Page 1 Alphabetic symbol ordering
Relocatable symbols

LOOP 00000012

Symbol: LOOP
   Definitions
      At line 27 in file q2.s
   Uses
      At line 36 in file q2.s
Comment: LOOP used once
Reset_Handler 00000000

Symbol: Reset_Handler
   Definitions
      At line 19 in file q2.s
   Uses
      At line 7 in file q2.s
      At line 17 in file q2.s

STOP 00000034

Symbol: STOP
   Definitions
      At line 38 in file q2.s
   Uses
      At line 39 in file q2.s
Comment: STOP used once
mycode 00000000

Symbol: mycode
   Definitions
      At line 15 in file q2.s
   Uses
      None
Comment: mycode unused
4 symbols
343 symbols in table
