


ARM Macro Assembler    Page 1 


    1 00000000         ;Add two 32 bit numbers in code memory and store in data
                        memory
    2 00000000         
    3 00000000                 AREA             RESET, DATA, READONLY
    4 00000000                 EXPORT           __Vectors
    5 00000000         __Vectors
    6 00000000 40001000        DCD              0X40001000
    7 00000004 00000000        DCD              Reset_Handler
    8 00000008                 ALIGN
    9 00000008                 AREA             mycode, CODE, READONLY
   10 00000000                 ENTRY
   11 00000000                 EXPORT           Reset_Handler
   12 00000000         
   13 00000000         Reset_Handler
   14 00000000 4805            LDR              R0, =AA
   15 00000002 6801            LDR              R1, [R0]
   16 00000004 4805            LDR              R0, =BB
   17 00000006 6802            LDR              R2, [R0]
   18 00000008 1A8B            SUBS             R3, R1, R2
   19 0000000A 4C05            LDR              R4, =RESULT
   20 0000000C 6023            STR              R3, [R4]
   21 0000000E         STOP
   22 0000000E E7FE            B                STOP
   23 00000010 99999999 
                       AA      DCD              0x99999999
   24 00000014 22224444 
                       BB      DCD              0x22224444
   25 00000018 00000000 
              00000000 
              00000000         AREA             data,DATA,READWRITE
   26 00000000 00000000 
                       RESULT  DCD              0
   27 00000004                 END
Command Line: --debug --xref --cpu=Cortex-M3 --apcs=interwork --depend=.\q3.d -
o.\q3.o -IC:\Keil\ARM\RV31\INC -IC:\Keil\ARM\CMSIS\Include -IC:\Keil\ARM\Inc\NX
P\LPC17xx --predefine="__EVAL SETA 1" --list=.\q3.lst q3.s



ARM Macro Assembler    Page 1 Alphabetic symbol ordering
Relocatable symbols

RESET 00000000

Symbol: RESET
   Definitions
      At line 3 in file q3.s
   Uses
      None
Comment: RESET unused
__Vectors 00000000

Symbol: __Vectors
   Definitions
      At line 5 in file q3.s
   Uses
      At line 4 in file q3.s
Comment: __Vectors used once
2 symbols



ARM Macro Assembler    Page 1 Alphabetic symbol ordering
Relocatable symbols

AA 00000010

Symbol: AA
   Definitions
      At line 23 in file q3.s
   Uses
      At line 14 in file q3.s
Comment: AA used once
BB 00000014

Symbol: BB
   Definitions
      At line 24 in file q3.s
   Uses
      At line 16 in file q3.s
Comment: BB used once
Reset_Handler 00000000

Symbol: Reset_Handler
   Definitions
      At line 13 in file q3.s
   Uses
      At line 7 in file q3.s
      At line 11 in file q3.s

STOP 0000000E

Symbol: STOP
   Definitions
      At line 21 in file q3.s
   Uses
      At line 22 in file q3.s
Comment: STOP used once
mycode 00000000

Symbol: mycode
   Definitions
      At line 9 in file q3.s
   Uses
      None
Comment: mycode unused
5 symbols



ARM Macro Assembler    Page 1 Alphabetic symbol ordering
Relocatable symbols

RESULT 00000000

Symbol: RESULT
   Definitions
      At line 26 in file q3.s
   Uses
      At line 19 in file q3.s
Comment: RESULT used once
data 00000000

Symbol: data
   Definitions
      At line 25 in file q3.s
   Uses
      None
Comment: data unused
2 symbols
342 symbols in table
