


ARM Macro Assembler    Page 1 


    1 00000000                 AREA             RESET, DATA, READONLY
    2 00000000                 EXPORT           __Vectors
    3 00000000         __Vectors
    4 00000000 40001000        DCD              0x40001000
    5 00000004 00000000        DCD              Reset_Handler
    6 00000008         
    7 00000008                 ALIGN
    8 00000008                 AREA             mycode, CODE, READONLY
    9 00000000                 ENTRY
   10 00000000                 EXPORT           Reset_Handler
   11 00000000         Reset_Handler
   12 00000000 481E            LDR              R0, =N1
   13 00000002 491F            LDR              R1, =N2
   14 00000004 4C1F            LDR              R4, =DST
   15 00000006 F04F 0504       MOV              R5,#4
   16 0000000A F04F 36FF       LDR              R6, =0xffffffff
   17 0000000E F386 8803       MSR              xpsr,R6
   18 00000012 F04F 0800       MOV              R8,#0
   19 00000016 F850 2B04       LDR              R2,[R0],#4
   20 0000001A F851 3B04       LDR              R3,[R1],#4
   21 0000001E EB72 0703 
                       LOOP    sbcs             R7,R2,R3
   22 00000022 F148 0800       ADC              R8,#0
   23 00000026 F844 7B04       STR              R7,[R4],#4
   24 0000002A F850 2B04       LDR              R2,[R0],#4
   25 0000002E F851 3B04       LDR              R3,[R1],#4
   26 00000032 F1B8 0F00       CMP              R8,#0
   27 00000036 D008            BEQ              RES
   28 00000038 3D01            SUBS             R5,#1
   29 0000003A F3EF 8903       MRS              R9,xpsr
   30 0000003E F049 5900       ORR              R9,#0x20000000
   31 00000042 F389 8803       MSR              xpsr,R9
   32 00000046 D1EA            BNE              LOOP
   33 00000048 E007            b                STOP
   34 0000004A         
   35 0000004A 3D01    RES     SUBS             R5,#1
   36 0000004C F3EF 8903       MRS              R9,xpsr
   37 00000050 F029 5900       AND              R9,#0xdfffffff
   38 00000054 F389 8803       MSR              xpsr,R9
   39 00000058 D1E1            BNE              LOOP
   40 0000005A         STOP
   41 0000005A E7FE            B                STOP
   42 0000005C 00000008 
              00000007 
              00000006 
              00000005 N1      DCD              8,7,6,5
   43 0000006C 00000004 
              00000003 
              00000002 
              00000001 N2      DCD              4,3,2,1
   44 0000007C 00000000 
              00000000 
              00000000         AREA             data, DATA, READWRITE
   45 00000000 00000000 
                       DST     DCD              0
   46 00000004                 END
Command Line: --debug --xref --cpu=Cortex-M3 --apcs=interwork --depend=.\q4.d -
o.\q4.o -IC:\Keil\ARM\RV31\INC -IC:\Keil\ARM\CMSIS\Include -IC:\Keil\ARM\Inc\NX
P\LPC17xx --predefine="__EVAL SETA 1" --list=.\q4.lst q4.s



ARM Macro Assembler    Page 1 Alphabetic symbol ordering
Relocatable symbols

RESET 00000000

Symbol: RESET
   Definitions
      At line 1 in file q4.s
   Uses
      None
Comment: RESET unused
__Vectors 00000000

Symbol: __Vectors
   Definitions
      At line 3 in file q4.s
   Uses
      At line 2 in file q4.s
Comment: __Vectors used once
2 symbols



ARM Macro Assembler    Page 1 Alphabetic symbol ordering
Relocatable symbols

LOOP 0000001E

Symbol: LOOP
   Definitions
      At line 21 in file q4.s
   Uses
      At line 32 in file q4.s
      At line 39 in file q4.s

N1 0000005C

Symbol: N1
   Definitions
      At line 42 in file q4.s
   Uses
      At line 12 in file q4.s
Comment: N1 used once
N2 0000006C

Symbol: N2
   Definitions
      At line 43 in file q4.s
   Uses
      At line 13 in file q4.s
Comment: N2 used once
RES 0000004A

Symbol: RES
   Definitions
      At line 35 in file q4.s
   Uses
      At line 27 in file q4.s
Comment: RES used once
Reset_Handler 00000000

Symbol: Reset_Handler
   Definitions
      At line 11 in file q4.s
   Uses
      At line 5 in file q4.s
      At line 10 in file q4.s

STOP 0000005A

Symbol: STOP
   Definitions
      At line 40 in file q4.s
   Uses
      At line 33 in file q4.s
      At line 41 in file q4.s

mycode 00000000

Symbol: mycode
   Definitions
      At line 8 in file q4.s
   Uses
      None
Comment: mycode unused



ARM Macro Assembler    Page 2 Alphabetic symbol ordering
Relocatable symbols

7 symbols



ARM Macro Assembler    Page 1 Alphabetic symbol ordering
Relocatable symbols

DST 00000000

Symbol: DST
   Definitions
      At line 45 in file q4.s
   Uses
      At line 14 in file q4.s
Comment: DST used once
data 00000000

Symbol: data
   Definitions
      At line 44 in file q4.s
   Uses
      None
Comment: data unused
2 symbols
344 symbols in table
